rake aborted!
SQLite3::SQLException: no such table: urls: SELECT id, address, status FROM "urls"
/home/ajaysahu/.rvm/gems/ruby-2.1.5/gems/sqlite3-1.3.7/lib/sqlite3/database.rb:91:in `initialize'
/home/ajaysahu/.rvm/gems/ruby-2.1.5/gems/sqlite3-1.3.7/lib/sqlite3/database.rb:91:in `new'
/home/ajaysahu/.rvm/gems/ruby-2.1.5/gems/sqlite3-1.3.7/lib/sqlite3/database.rb:91:in `prepare'
/home/ajaysahu/.rvm/gems/ruby-2.1.5@global/gems/activerecord-4.0.0/lib/active_record/connection_adapters/sqlite3_adapter.rb:296:in `block in exec_query'
/home/ajaysahu/.rvm/gems/ruby-2.1.5@global/gems/activerecord-4.0.0/lib/active_record/connection_adapters/abstract_adapter.rb:425:in `block in log'
/home/ajaysahu/.rvm/gems/ruby-2.1.5@global/gems/activesupport-4.0.0/lib/active_support/notifications/instrumenter.rb:20:in `instrument'
/home/ajaysahu/.rvm/gems/ruby-2.1.5@global/gems/activerecord-4.0.0/lib/active_record/connection_adapters/abstract_adapter.rb:420:in `log'
/home/ajaysahu/.rvm/gems/ruby-2.1.5@global/gems/activerecord-4.0.0/lib/active_record/connection_adapters/sqlite3_adapter.rb:292:in `exec_query'
/home/ajaysahu/.rvm/gems/ruby-2.1.5@global/gems/activerecord-4.0.0/lib/active_record/connection_adapters/sqlite3_adapter.rb:504:in `select'
/home/ajaysahu/.rvm/gems/ruby-2.1.5@global/gems/activerecord-4.0.0/lib/active_record/connection_adapters/abstract/database_statements.rb:24:in `select_all'
/home/ajaysahu/.rvm/gems/ruby-2.1.5@global/gems/activerecord-4.0.0/lib/active_record/connection_adapters/abstract/query_cache.rb:63:in `select_all'
/home/ajaysahu/.rvm/gems/ruby-2.1.5@global/gems/activerecord-4.0.0/lib/active_record/querying.rb:36:in `find_by_sql'
/home/ajaysahu/.rvm/gems/ruby-2.1.5@global/gems/activerecord-4.0.0/lib/active_record/relation.rb:585:in `exec_queries'
/home/ajaysahu/.rvm/gems/ruby-2.1.5@global/gems/activerecord-4.0.0/lib/active_record/relation.rb:471:in `load'
/home/ajaysahu/.rvm/gems/ruby-2.1.5@global/gems/activerecord-4.0.0/lib/active_record/relation.rb:220:in `to_a'
/home/ajaysahu/.rvm/gems/ruby-2.1.5@global/gems/activerecord-4.0.0/lib/active_record/relation/delegation.rb:12:in `each'
/home/ajaysahu/project/ror/dummy/rails-and-server-sent-events/app/models/url.rb:24:in `verify_status'
/home/ajaysahu/project/ror/dummy/rails-and-server-sent-events/lib/tasks/url_tracker.rake:5:in `block (2 levels) in <top (required)>'
/home/ajaysahu/.rvm/gems/ruby-2.1.5/bin/ruby_executable_hooks:15:in `eval'
/home/ajaysahu/.rvm/gems/ruby-2.1.5/bin/ruby_executable_hooks:15:in `<main>'
Tasks: TOP => url_tracker:check_health
(See full trace by running task with --trace)
